[backblue.gif]
[fade.gif]
[index.html]
[obanksimulator.ngpf.org/js/modernizr.custom.97554.js]
[cdnjs.cloudflare.com/ajax/libs/limonte-sweetalert2/7.0.9/sweetalert2.css]
[obanksimulator.ngpf.org/images/NGPF-logo.png]
[obanksimulator.ngpf.org/images/register-icon.png]
[obanksimulator.ngpf.org/images/work-icon01.png]
[obanksimulator.ngpf.org/images/work-icon02.png]
[obanksimulator.ngpf.org/images/work-icon03.png]
[obanksimulator.ngpf.org/images/work-icon04.png]
[obanksimulator.ngpf.org/js/jquery-1.11.3.min.js]
[obanksimulator.ngpf.org/js/bootstrap.min.js]
[cdnjs.cloudflare.com/ajax/libs/jquery-validate/1.17.0/jquery.validate.min.js]
[cdnjs.cloudflare.com/ajax/libs/select2/4.0.5/js/select2.min.js]
[cdnjs.cloudflare.com/ajax/libs/jquery-validate/1.17.0/additional-methods.min.js]
[obanksimulator.ngpf.org/js/jquery.matchHeight.js]
[obanksimulator.ngpf.org/js/customjs.js]
[obanksimulator.ngpf.org/administrator/plugins/iCheck/icheck.min.js]
[obanksimulator.ngpf.org/index.html]
[cdnjs.cloudflare.com/ajax/libs/limonte-sweetalert2/7.0.9/sweetalert2.js]
[obanksimulator.ngpf.org/fonts/fontawesome-webfont3e6e.eot]
[obanksimulator.ngpf.org/fonts/fontawesome-webfontd41d.eot]
[obanksimulator.ngpf.org/fonts/fontawesome-webfont3e6e.woff2]
[obanksimulator.ngpf.org/fonts/fontawesome-webfont3e6e.woff]
[obanksimulator.ngpf.org/fonts/fontawesome-webfont3e6e.ttf]
[obanksimulator.ngpf.org/css/font-awesome.css]
[obanksimulator.ngpf.org/css/select2.css]
[obanksimulator.ngpf.org/fonts/glyphicons-halflings-regular.eot]
[obanksimulator.ngpf.org/fonts/glyphicons-halflings-regulard41d.eot]
[obanksimulator.ngpf.org/fonts/glyphicons-halflings-regular.woff2]
[obanksimulator.ngpf.org/fonts/glyphicons-halflings-regular.woff]
[obanksimulator.ngpf.org/fonts/glyphicons-halflings-regular.ttf]
[obanksimulator.ngpf.org/css/bootstrap.min.css]
[obanksimulator.ngpf.org/images/ui-icons_444444_256x240.png]
[obanksimulator.ngpf.org/images/date-icon.png]
[obanksimulator.ngpf.org/images/user-noimage.png]
[obanksimulator.ngpf.org/images/blue-pattern.jpg]
[obanksimulator.ngpf.org/images/arrowhead.png]
[obanksimulator.ngpf.org/images/mob-top.png]
[obanksimulator.ngpf.org/images/mob-side.jpg]
[obanksimulator.ngpf.org/images/mob-bottom.png]
[obanksimulator.ngpf.org/css/mainstyle.css]
[obanksimulator.ngpf.org/css/responsive.css]
[obanksimulator.ngpf.org/administrator/plugins/iCheck/minimal/orange.png]
[obanksimulator.ngpf.org/administrator/plugins/iCheck/minimal/orange@2x.png]
[obanksimulator.ngpf.org/administrator/plugins/iCheck/minimal/orange.css]
[cdnjs.cloudflare.com/ajax/libs/limonte-sweetalert2/7.0.9/sweetalert2.css]
[obanksimulator.ngpf.org/register.html]
[obanksimulator.ngpf.org/fonts/fontawesome-webfont3e6e.svg]
[obanksimulator.ngpf.org/fonts/glyphicons-halflings-regular.svg]
[obanksimulator.ngpf.org/css/images/index_bg.html]
